src/app/admin/components/SystemHealth.tsx(188,165): error TS1127: Invalid character.
src/components/contracts/HardwareAuditForm.fixed.tsx(45,27): error TS1005: ',' expected.
src/components/contracts/HardwareAuditForm.fixed.tsx(45,32): error TS1005: ',' expected.
src/components/contracts/HardwareAuditForm.fixed.tsx(45,53): error TS1005: ',' expected.
src/components/contracts/HardwareAuditForm.fixed.tsx(45,54): error TS1109: Expression expected.
src/components/contracts/HardwareAuditForm.fixed.tsx(149,6): error TS17008: JSX element 'Dialog' has no corresponding closing tag.
src/components/contracts/HardwareAuditForm.fixed.tsx(150,8): error TS17008: JSX element 'DialogContent' has no corresponding closing tag.
src/components/contracts/HardwareAuditForm.fixed.tsx(151,10): error TS17008: JSX element 'div' has no corresponding closing tag.
src/components/contracts/HardwareAuditForm.fixed.tsx(152,12): error TS17008: JSX element 'div' has no corresponding closing tag.
src/components/contracts/HardwareAuditForm.fixed.tsx(159,14): error TS17008: JSX element 'div' has no corresponding closing tag.
src/components/contracts/HardwareAuditForm.fixed.tsx(160,16): error TS17008: JSX element 'Card' has no corresponding closing tag.
src/components/contracts/HardwareAuditForm.fixed.tsx(167,18): error TS17008: JSX element 'CardContent' has no corresponding closing tag.
src/components/contracts/HardwareAuditForm.fixed.tsx(168,20): error TS17008: JSX element 'form' has no corresponding closing tag.
src/components/contracts/HardwareAuditForm.fixed.tsx(203,22): error TS17008: JSX element 'div' has no corresponding closing tag.
src/components/contracts/HardwareAuditForm.fixed.tsx(205,24): error TS17008: JSX element 'div' has no corresponding closing tag.
src/components/contracts/HardwareAuditForm.fixed.tsx(214,26): error TS17008: JSX element 'div' has no corresponding closing tag.
src/components/contracts/HardwareAuditForm.fixed.tsx(216,28): error TS17008: JSX element 'Label' has no corresponding closing tag.
src/components/contracts/HardwareAuditForm.fixed.tsx(216,59): error TS1005: '</' expected.
